<?xml version="1.0" encoding="UTF-8"?>
<testng-results skipped="0" failed="0" total="1" passed="1">
  <reporter-output>
    <line>
      <![CDATA[waiting for page to load...]]>
    </line>
    <line>
      <![CDATA[Page is loaded]]>
    </line>
    <line>
      <![CDATA[entering accountID to the accountID textbox]]>
    </line>
    <line>
      <![CDATA[entering userName to the userName textbox]]>
    </line>
    <line>
      <![CDATA[entering password to the password textbox]]>
    </line>
    <line>
      <![CDATA[clicking on login button]]>
    </line>
    <line>
      <![CDATA[waiting for 4 seconds...]]>
    </line>
  </reporter-output>
  <suite name="bg.testScripts.login.TestLogin" duration-ms="162283" started-at="2017-10-31T04:20:51Z" finished-at="2017-10-31T04:23:34Z">
    <groups>
    </groups>
    <test name="Command line test" duration-ms="162283" started-at="2017-10-31T04:20:51Z" finished-at="2017-10-31T04:23:34Z">
      <class name="bg.testScripts.login.TestLogin">
        <test-method status="PASS" signature="setUp()[pri:0, instance:bg.testScripts.login.TestLogin@6b143ee9]" name="setUp" is-config="true" duration-ms="121354" started-at="2017-10-31T09:50:51Z" finished-at="2017-10-31T09:52:53Z">
          <reporter-output>
            <line>
              <![CDATA[waiting for page to load...]]>
            </line>
            <line>
              <![CDATA[Page is loaded]]>
            </line>
          </reporter-output>
        </test-method> <!-- setUp -->
        <test-method status="PASS" signature="testLogin()[pri:0, instance:bg.testScripts.login.TestLogin@6b143ee9]" name="testLogin" duration-ms="24114" started-at="2017-10-31T09:52:53Z" finished-at="2017-10-31T09:53:17Z">
          <reporter-output>
            <line>
              <![CDATA[entering accountID to the accountID textbox]]>
            </line>
            <line>
              <![CDATA[entering userName to the userName textbox]]>
            </line>
            <line>
              <![CDATA[entering password to the password textbox]]>
            </line>
            <line>
              <![CDATA[clicking on login button]]>
            </line>
            <line>
              <![CDATA[waiting for 4 seconds...]]>
            </line>
          </reporter-output>
        </test-method> <!-- testLogin -->
        <test-method status="PASS" signature="tearDown()[pri:0, instance:bg.testScripts.login.TestLogin@6b143ee9]" name="tearDown" is-config="true" duration-ms="16362" started-at="2017-10-31T09:53:17Z" finished-at="2017-10-31T09:53:34Z">
          <reporter-output>
          </reporter-output>
        </test-method> <!-- tearDown -->
      </class> <!-- bg.testScripts.login.TestLogin -->
    </test> <!-- Command line test -->
  </suite> <!-- bg.testScripts.login.TestLogin -->
</testng-results>
